app/build/outputs/logs/manifest-merger-debug-report.txt
-- Merging decision tree log ---
manifest
ADDED from src\main\AndroidManifest.xml:2:1-79:12
	xmlns:android
		ADDED from src\main\AndroidManifest.xml:2:11-69
	package
		ADDED from src\main\AndroidManifest.xml:3:5-42
		INJECTED from src\main\AndroidManifest.xml
		INJECTED from src\main\AndroidManifest.xml
	android:versionName
		ADDED from src\main\AndroidManifest.xml:5:5-30
		INJECTED from src\main\AndroidManifest.xml
		INJECTED from src\main\AndroidManifest.xml
	android:versionCode
		ADDED from src\main\AndroidManifest.xml:4:5-28
		INJECTED from src\main\AndroidManifest.xml
		INJECTED from src\main\AndroidManifest.xml
uses-sdk
ADDED from src\main\AndroidManifest.xml:7:5-9:41
	android:targetSdkVersion
		ADDED from src\main\AndroidManifest.xml:9:9-38
		INJECTED from src\main\AndroidManifest.xml
		INJECTED from src\main\AndroidManifest.xml
	android:minSdkVersion
		ADDED from src\main\AndroidManifest.xml:8:9-35
		INJECTED from src\main\AndroidManifest.xml
		INJECTED from src\main\AndroidManifest.xml
uses-permission#android.permission.MOUNT_UNMOUNT_FILESYSTEMS
ADDED from src\main\AndroidManifest.xml:11:5-84
	android:name
		ADDED from src\main\AndroidManifest.xml:11:22-81
uses-permission#android.permission.WRITE_EXTERNAL_STORAGE
ADDED from src\main\AndroidManifest.xml:12:5-81
	android:name
		ADDED from src\main\AndroidManifest.xml:12:22-78
uses-permission#android.permission.ACCESS_NETWORK_STATE
ADDED from src\main\AndroidManifest.xml:13:5-79
	android:name
		ADDED from src\main\AndroidManifest.xml:13:22-76
uses-permission#android.permission.ACCESS_WIFI_STATE
ADDED from src\main\AndroidManifest.xml:14:5-76
	android:name
		ADDED from src\main\AndroidManifest.xml:14:22-73
uses-permission#android.permission.INTERNET
ADDED from src\main\AndroidManifest.xml:15:5-67
	android:name
		ADDED from src\main\AndroidManifest.xml:15:22-64
uses-permission#android.permission.WAKE_LOCK
ADDED from src\main\AndroidManifest.xml:16:5-68
	android:name
		ADDED from src\main\AndroidManifest.xml:16:22-65
uses-permission#android.permission.READ_LOGS
ADDED from src\main\AndroidManifest.xml:17:5-68
	android:name
		ADDED from src\main\AndroidManifest.xml:17:22-65
application
ADDED from src\main\AndroidManifest.xml:19:5-77:19
	android:label
		ADDED from src\main\AndroidManifest.xml:24:9-41
	android:allowBackup
		ADDED from src\main\AndroidManifest.xml:21:9-35
	android:icon
		ADDED from src\main\AndroidManifest.xml:23:9-45
	android:theme
		ADDED from src\main\AndroidManifest.xml:25:9-68
	android:hardwareAccelerated
		ADDED from src\main\AndroidManifest.xml:22:9-43
	android:largeHeap
		ADDED from src\main\AndroidManifest.xml:20:9-33
activity#com.gk969.UltimateImgSpider.SpiderActivity
ADDED from src\main\AndroidManifest.xml:27:9-35:20
	android:configChanges
		ADDED from src\main\AndroidManifest.xml:29:10-71
	android:name
		ADDED from src\main\AndroidManifest.xml:28:13-70
intent-filter#android.intent.action.MAIN+android.intent.category.LAUNCHER
ADDED from src\main\AndroidManifest.xml:31:13-34:29
action#android.intent.action.MAIN
ADDED from src\main\AndroidManifest.xml:32:17-69
	android:name
		ADDED from src\main\AndroidManifest.xml:32:25-66
category#android.intent.category.LAUNCHER
ADDED from src\main\AndroidManifest.xml:33:17-77
	android:name
		ADDED from src\main\AndroidManifest.xml:33:27-74
activity#com.gk969.UltimateImgSpider.SelSrcActivity
ADDED from src\main\AndroidManifest.xml:37:9-42:20
	android:configChanges
		ADDED from src\main\AndroidManifest.xml:40:10-71
	android:process
		ADDED from src\main\AndroidManifest.xml:38:13-44
	android:name
		ADDED from src\main\AndroidManifest.xml:39:13-70
service#com.gk969.UltimateImgSpider.SpiderService
ADDED from src\main\AndroidManifest.xml:44:9-56:19
	android:process
		ADDED from src\main\AndroidManifest.xml:46:13-44
	android:exported
		ADDED from src\main\AndroidManifest.xml:47:13-37
	android:name
		ADDED from src\main\AndroidManifest.xml:45:13-69
intent-filter#com.gk969.UltimateImgSpider.IRemoteSpiderService+com.gk969.UltimateImgSpider.REMOTE_SERVICE
ADDED from src\main\AndroidManifest.xml:48:13-55:29
action#com.gk969.UltimateImgSpider.IRemoteSpiderService
ADDED from src\main\AndroidManifest.xml:51:17-91
	android:name
		ADDED from src\main\AndroidManifest.xml:51:25-88
action#com.gk969.UltimateImgSpider.REMOTE_SERVICE
ADDED from src\main\AndroidManifest.xml:54:17-85
	android:name
		ADDED from src\main\AndroidManifest.xml:54:25-82
service#com.gk969.UltimateImgSpider.WatchdogService
ADDED from src\main\AndroidManifest.xml:58:9-70:19
	android:process
		ADDED from src\main\AndroidManifest.xml:60:13-46
	android:exported
		ADDED from src\main\AndroidManifest.xml:61:13-37
	android:name
		ADDED from src\main\AndroidManifest.xml:59:13-71
intent-filter#com.gk969.UltimateImgSpider.IRemoteWatchdogService+com.gk969.UltimateImgSpider.WATCHDOG_SERVICE
ADDED from src\main\AndroidManifest.xml:62:13-69:29
action#com.gk969.UltimateImgSpider.IRemoteWatchdogService
ADDED from src\main\AndroidManifest.xml:65:17-93
	android:name
		ADDED from src\main\AndroidManifest.xml:65:25-90
action#com.gk969.UltimateImgSpider.WATCHDOG_SERVICE
ADDED from src\main\AndroidManifest.xml:68:17-87
	android:name
		ADDED from src\main\AndroidManifest.xml:68:25-84
activity#com.gk969.UltimateImgSpider.ParaConfigActivity
ADDED from src\main\AndroidManifest.xml:72:9-76:20
	android:configChanges
		ADDED from src\main\AndroidManifest.xml:75:10-71
	android:process
		ADDED from src\main\AndroidManifest.xml:73:13-44
	android:name
		ADDED from src\main\AndroidManifest.xml:74:13-74